
> iptv-expert-backend@1.0.0 dev
> nodemon src/app.js

[33m[nodemon] 3.1.14[39m
[33m[nodemon] to restart at any time, enter `rs`[39m
[33m[nodemon] watching path(s): *.*[39m
[33m[nodemon] watching extensions: js,mjs,cjs,json[39m
[32m[nodemon] starting `node src/app.js`[39m
--- [DATABASE] Conectado ao PostgreSQL (Produção) ---
[DATABASE] Verificando tabelas...
[DATABASE] Tabelas PostgreSQL prontas!
[SERVER] Rodando em http://localhost:5000
[AUTH] Erro no login Google: Error: Wrong recipient, payload audience != requiredAudience
    at OAuth2Client.verifySignedJwtWithCertsAsync (/Users/danilomedeiros/Documents/SITE/iptv-expert-web/backend/node_modules/google-auth-library/build/src/auth/oauth2client.js:750:23)
    at process.processTicksAndRejections (node:internal/process/task_queues:104:5)
    at async OAuth2Client.verifyIdTokenAsync (/Users/danilomedeiros/Documents/SITE/iptv-expert-web/backend/node_modules/google-auth-library/build/src/auth/oauth2client.js:508:23)
    at async exports.googleLogin (/Users/danilomedeiros/Documents/SITE/iptv-expert-web/backend/src/controllers/authController.js:97:24)
[AUTH] Erro no login Google: Error: Wrong recipient, payload audience != requiredAudience
    at OAuth2Client.verifySignedJwtWithCertsAsync (/Users/danilomedeiros/Documents/SITE/iptv-expert-web/backend/node_modules/google-auth-library/build/src/auth/oauth2client.js:750:23)
    at process.processTicksAndRejections (node:internal/process/task_queues:104:5)
    at async OAuth2Client.verifyIdTokenAsync (/Users/danilomedeiros/Documents/SITE/iptv-expert-web/backend/node_modules/google-auth-library/build/src/auth/oauth2client.js:508:23)
    at async exports.googleLogin (/Users/danilomedeiros/Documents/SITE/iptv-expert-web/backend/src/controllers/authController.js:97:24)
[AUTH] Erro no login Google: Error: Wrong recipient, payload audience != requiredAudience
    at OAuth2Client.verifySignedJwtWithCertsAsync (/Users/danilomedeiros/Documents/SITE/iptv-expert-web/backend/node_modules/google-auth-library/build/src/auth/oauth2client.js:750:23)
    at process.processTicksAndRejections (node:internal/process/task_queues:104:5)
    at async OAuth2Client.verifyIdTokenAsync (/Users/danilomedeiros/Documents/SITE/iptv-expert-web/backend/node_modules/google-auth-library/build/src/auth/oauth2client.js:508:23)
    at async exports.googleLogin (/Users/danilomedeiros/Documents/SITE/iptv-expert-web/backend/src/controllers/authController.js:97:24)
[AUTH] Erro no login Google: Error: Wrong recipient, payload audience != requiredAudience
    at OAuth2Client.verifySignedJwtWithCertsAsync (/Users/danilomedeiros/Documents/SITE/iptv-expert-web/backend/node_modules/google-auth-library/build/src/auth/oauth2client.js:750:23)
    at process.processTicksAndRejections (node:internal/process/task_queues:104:5)
    at async OAuth2Client.verifyIdTokenAsync (/Users/danilomedeiros/Documents/SITE/iptv-expert-web/backend/node_modules/google-auth-library/build/src/auth/oauth2client.js:508:23)
    at async exports.googleLogin (/Users/danilomedeiros/Documents/SITE/iptv-expert-web/backend/src/controllers/authController.js:97:24)
[AUTH] Erro no login Google: Error: Wrong recipient, payload audience != requiredAudience
    at OAuth2Client.verifySignedJwtWithCertsAsync (/Users/danilomedeiros/Documents/SITE/iptv-expert-web/backend/node_modules/google-auth-library/build/src/auth/oauth2client.js:750:23)
    at process.processTicksAndRejections (node:internal/process/task_queues:104:5)
    at async OAuth2Client.verifyIdTokenAsync (/Users/danilomedeiros/Documents/SITE/iptv-expert-web/backend/node_modules/google-auth-library/build/src/auth/oauth2client.js:508:23)
    at async exports.googleLogin (/Users/danilomedeiros/Documents/SITE/iptv-expert-web/backend/src/controllers/authController.js:97:24)
[32m[nodemon] restarting due to changes...[39m
[32m[nodemon] starting `node src/app.js`[39m
--- [DATABASE] Conectado ao PostgreSQL (Produção) ---
[DATABASE] Verificando tabelas...
[DATABASE] Tabelas PostgreSQL prontas!
[SERVER] Rodando em http://localhost:5000
[DEBUG] Google Client ID no Servidor: 47965986459-cvl41sa4n07e4e8dk19e0rqki7qlefma.apps.googleusercontent.com
[DEBUG] Payload recebido do Google para: playsoundbrssa@gmail.com
[DEBUG] Google Client ID no Servidor: 47965986459-cvl41sa4n07e4e8dk19e0rqki7qlefma.apps.googleusercontent.com
[DEBUG] Payload recebido do Google para: playsoundbrssa@gmail.com
[32m[nodemon] restarting due to changes...[39m
[32m[nodemon] starting `node src/app.js`[39m
--- [DATABASE] Conectado ao PostgreSQL (Produção) ---
[DATABASE] Verificando tabelas...
[DATABASE] Tabelas PostgreSQL prontas!
[SERVER] Rodando em http://localhost:5000
[DEBUG] Google Client ID no Servidor: 47965986459-cvl41sa4n07e4e8dk19e0rqki7qlefma.apps.googleusercontent.com
[DEBUG] Payload recebido do Google para: playsoundbrssa@gmail.com
[31m[nodemon] app crashed - waiting for file changes before starting...[39m
